2026-07-21 00:40:48,368 [Worker-2: Loading available Gradle versions] INFO  o.e.b.c.i.u.g.PublishedGradleVersions - Gradle version information cache is up-to-date. Trying to read.
2026-07-21 00:42:05,251 [Worker-8: ビルド] INFO  o.e.m.c.i.l.LifecycleMappingFactory - Using org.eclipse.m2e.jdt.JarLifecycleMapping lifecycle mapping for MavenProject: com.example:samuraitravel:0.0.1-SNAPSHOT @ H:\work\SamuraEngineer\Java_workspace\kadai_003\kadai_003\samuraitravel\pom.xml.
2026-07-21 00:42:05,779 [Worker-8: ビルド] INFO  o.a.m.s.f.DefaultMavenResourcesFiltering - Copying 2 resources from src\main\resources to target\classes
2026-07-21 00:42:05,788 [Worker-8: ビルド] INFO  o.a.m.s.f.DefaultMavenResourcesFiltering - Copying 43 resources from src\main\resources to target\classes
2026-07-21 00:42:05,817 [Worker-8: ビルド] INFO  o.a.m.s.f.DefaultMavenResourcesFiltering - skip non existing resourceDirectory H:\work\SamuraEngineer\Java_workspace\kadai_003\kadai_003\samuraitravel\src\test\resources
2026-07-21 00:42:49,222 [Worker-9: ビルド] INFO  o.a.m.s.f.DefaultMavenResourcesFiltering - Copying 0 resource from src\main\resources to target\classes
2026-07-21 00:42:49,223 [Worker-9: ビルド] INFO  o.a.m.s.f.DefaultMavenResourcesFiltering - Copying 0 resource from src\main\resources to target\classes
2026-07-21 00:42:49,224 [Worker-9: ビルド] INFO  o.a.m.s.f.DefaultMavenResourcesFiltering - skip non existing resourceDirectory H:\work\SamuraEngineer\Java_workspace\kadai_003\kadai_003\samuraitravel\src\test\resources
2026-07-21 00:43:08,769 [Worker-4: ビルド] INFO  o.a.m.s.f.DefaultMavenResourcesFiltering - Copying 0 resource from src\main\resources to target\classes
2026-07-21 00:43:08,771 [Worker-4: ビルド] INFO  o.a.m.s.f.DefaultMavenResourcesFiltering - Copying 0 resource from src\main\resources to target\classes
2026-07-21 00:43:08,772 [Worker-4: ビルド] INFO  o.a.m.s.f.DefaultMavenResourcesFiltering - skip non existing resourceDirectory H:\work\SamuraEngineer\Java_workspace\kadai_003\kadai_003\samuraitravel\src\test\resources
2026-07-21 00:43:09,798 [Worker-4: ビルド] INFO  o.a.m.s.f.DefaultMavenResourcesFiltering - Copying 0 resource from src\main\resources to target\classes
2026-07-21 00:43:09,802 [Worker-4: ビルド] INFO  o.a.m.s.f.DefaultMavenResourcesFiltering - Copying 0 resource from src\main\resources to target\classes
2026-07-21 00:43:09,804 [Worker-4: ビルド] INFO  o.a.m.s.f.DefaultMavenResourcesFiltering - skip non existing resourceDirectory H:\work\SamuraEngineer\Java_workspace\kadai_003\kadai_003\samuraitravel\src\test\resources
2026-07-21 00:43:11,884 [Worker-9: ビルド] INFO  o.a.m.s.f.DefaultMavenResourcesFiltering - Copying 0 resource from src\main\resources to target\classes
2026-07-21 00:43:11,888 [Worker-9: ビルド] INFO  o.a.m.s.f.DefaultMavenResourcesFiltering - Copying 0 resource from src\main\resources to target\classes
2026-07-21 00:43:11,890 [Worker-9: ビルド] INFO  o.a.m.s.f.DefaultMavenResourcesFiltering - skip non existing resourceDirectory H:\work\SamuraEngineer\Java_workspace\kadai_003\kadai_003\samuraitravel\src\test\resources
2026-07-21 00:43:14,153 [Worker-3: ビルド] INFO  o.a.m.s.f.DefaultMavenResourcesFiltering - Copying 0 resource from src\main\resources to target\classes
2026-07-21 00:43:14,155 [Worker-3: ビルド] INFO  o.a.m.s.f.DefaultMavenResourcesFiltering - Copying 0 resource from src\main\resources to target\classes
2026-07-21 00:43:14,156 [Worker-3: ビルド] INFO  o.a.m.s.f.DefaultMavenResourcesFiltering - skip non existing resourceDirectory H:\work\SamuraEngineer\Java_workspace\kadai_003\kadai_003\samuraitravel\src\test\resources
2026-07-21 00:43:28,054 [Worker-3: ビルド] INFO  o.a.m.s.f.DefaultMavenResourcesFiltering - Copying 0 resource from src\main\resources to target\classes
2026-07-21 00:43:28,056 [Worker-3: ビルド] INFO  o.a.m.s.f.DefaultMavenResourcesFiltering - Copying 0 resource from src\main\resources to target\classes
2026-07-21 00:43:28,057 [Worker-3: ビルド] INFO  o.a.m.s.f.DefaultMavenResourcesFiltering - skip non existing resourceDirectory H:\work\SamuraEngineer\Java_workspace\kadai_003\kadai_003\samuraitravel\src\test\resources
2026-07-21 00:43:50,604 [Worker-8: Maven プロジェクトの更新中] INFO  o.e.m.c.i.p.ProjectConfigurationManager - Update started
2026-07-21 00:43:50,734 [Worker-8: Maven プロジェクトの更新中] INFO  o.e.m.c.i.l.LifecycleMappingFactory - Using org.eclipse.m2e.jdt.JarLifecycleMapping lifecycle mapping for MavenProject: com.example:samuraitravel:0.0.1-SNAPSHOT @ H:\work\SamuraEngineer\Java_workspace\kadai_003\kadai_003\samuraitravel\pom.xml.
2026-07-21 00:43:50,978 [Worker-8: Maven プロジェクトの更新中] INFO  o.e.m.j.i.AbstractJavaProjectConfigurator - Adding source folder /samuraitravel/src/main/java
2026-07-21 00:43:50,978 [Worker-8: Maven プロジェクトの更新中] INFO  o.e.m.j.i.AbstractJavaProjectConfigurator - Adding resource folder /samuraitravel/src/main/resources
2026-07-21 00:43:50,978 [Worker-8: Maven プロジェクトの更新中] INFO  o.e.m.j.i.AbstractJavaProjectConfigurator - Adding resource folder /samuraitravel/src/main/resources
2026-07-21 00:43:50,979 [Worker-8: Maven プロジェクトの更新中] INFO  o.e.m.j.i.AbstractJavaProjectConfigurator - Adding source folder /samuraitravel/src/test/java
2026-07-21 00:43:50,979 [Worker-8: Maven プロジェクトの更新中] INFO  o.e.m.j.i.AbstractJavaProjectConfigurator - Adding resource folder /samuraitravel/src/test/resources
2026-07-21 00:43:51,109 [Worker-8: Maven プロジェクトの更新中] INFO  o.e.m.c.i.p.ProjectConfigurationManager - Update completed for 1 poms: local refresh takes 0.00 sec, refresh facades takes 0.00 sec, update config takes 0.00 sec 
2026-07-21 00:43:51,378 [Worker-4: ビルド] INFO  o.a.m.s.f.DefaultMavenResourcesFiltering - Copying 2 resources from src\main\resources to target\classes
2026-07-21 00:43:51,387 [Worker-4: ビルド] INFO  o.a.m.s.f.DefaultMavenResourcesFiltering - Copying 43 resources from src\main\resources to target\classes
2026-07-21 00:43:51,408 [Worker-4: ビルド] INFO  o.a.m.s.f.DefaultMavenResourcesFiltering - skip non existing resourceDirectory H:\work\SamuraEngineer\Java_workspace\kadai_003\kadai_003\samuraitravel\src\test\resources
2026-07-21 00:46:20,764 [Worker-5: Loading available Gradle versions] INFO  o.e.b.c.i.u.g.PublishedGradleVersions - Gradle version information cache is up-to-date. Trying to read.
2026-07-21 00:52:47,499 [Worker-6: ビルド] INFO  o.a.m.s.f.DefaultMavenResourcesFiltering - Copying 2 resources from src\main\resources to target\classes
2026-07-21 00:52:47,522 [Worker-6: ビルド] INFO  o.a.m.s.f.DefaultMavenResourcesFiltering - Copying 43 resources from src\main\resources to target\classes
2026-07-21 00:52:47,528 [Worker-6: ビルド] INFO  o.a.m.s.f.DefaultMavenResourcesFiltering - skip non existing resourceDirectory H:\work\SamuraEngineer\Java_workspace\kadai_003\kadai_003\samuraitravel\src\test\resources
2026-07-21 00:56:18,925 [Worker-0: ビルド] INFO  o.a.m.s.f.DefaultMavenResourcesFiltering - Copying 0 resource from src\main\resources to target\classes
2026-07-21 00:56:18,927 [Worker-0: ビルド] INFO  o.a.m.s.f.DefaultMavenResourcesFiltering - Copying 1 resource from src\main\resources to target\classes
2026-07-21 00:56:18,932 [Worker-0: ビルド] INFO  o.a.m.s.f.DefaultMavenResourcesFiltering - skip non existing resourceDirectory H:\work\SamuraEngineer\Java_workspace\kadai_003\kadai_003\samuraitravel\src\test\resources
2026-07-21 00:57:05,251 [Worker-0: ビルド] INFO  o.a.m.s.f.DefaultMavenResourcesFiltering - Copying 0 resource from src\main\resources to target\classes
2026-07-21 00:57:05,255 [Worker-0: ビルド] INFO  o.a.m.s.f.DefaultMavenResourcesFiltering - Copying 1 resource from src\main\resources to target\classes
2026-07-21 00:57:05,259 [Worker-0: ビルド] INFO  o.a.m.s.f.DefaultMavenResourcesFiltering - skip non existing resourceDirectory H:\work\SamuraEngineer\Java_workspace\kadai_003\kadai_003\samuraitravel\src\test\resources
2026-07-21 01:06:42,050 [Worker-15: ビルド] INFO  o.a.m.s.f.DefaultMavenResourcesFiltering - Copying 0 resource from src\main\resources to target\classes
2026-07-21 01:06:42,053 [Worker-15: ビルド] INFO  o.a.m.s.f.DefaultMavenResourcesFiltering - Copying 1 resource from src\main\resources to target\classes
2026-07-21 01:06:42,057 [Worker-15: ビルド] INFO  o.a.m.s.f.DefaultMavenResourcesFiltering - skip non existing resourceDirectory H:\work\SamuraEngineer\Java_workspace\kadai_003\kadai_003\samuraitravel\src\test\resources
2026-07-21 01:07:00,217 [Worker-17: ビルド] INFO  o.a.m.s.f.DefaultMavenResourcesFiltering - Copying 0 resource from src\main\resources to target\classes
2026-07-21 01:07:00,221 [Worker-17: ビルド] INFO  o.a.m.s.f.DefaultMavenResourcesFiltering - Copying 1 resource from src\main\resources to target\classes
2026-07-21 01:07:00,224 [Worker-17: ビルド] INFO  o.a.m.s.f.DefaultMavenResourcesFiltering - skip non existing resourceDirectory H:\work\SamuraEngineer\Java_workspace\kadai_003\kadai_003\samuraitravel\src\test\resources
2026-07-21 01:07:22,897 [Worker-15: ビルド] INFO  o.a.m.s.f.DefaultMavenResourcesFiltering - Copying 0 resource from src\main\resources to target\classes
2026-07-21 01:07:22,898 [Worker-15: ビルド] INFO  o.a.m.s.f.DefaultMavenResourcesFiltering - Copying 1 resource from src\main\resources to target\classes
2026-07-21 01:07:22,900 [Worker-15: ビルド] INFO  o.a.m.s.f.DefaultMavenResourcesFiltering - skip non existing resourceDirectory H:\work\SamuraEngineer\Java_workspace\kadai_003\kadai_003\samuraitravel\src\test\resources
2026-07-21 01:08:24,811 [Worker-0: ビルド] INFO  o.a.m.s.f.DefaultMavenResourcesFiltering - Copying 0 resource from src\main\resources to target\classes
2026-07-21 01:08:24,814 [Worker-0: ビルド] INFO  o.a.m.s.f.DefaultMavenResourcesFiltering - Copying 1 resource from src\main\resources to target\classes
2026-07-21 01:08:24,816 [Worker-0: ビルド] INFO  o.a.m.s.f.DefaultMavenResourcesFiltering - skip non existing resourceDirectory H:\work\SamuraEngineer\Java_workspace\kadai_003\kadai_003\samuraitravel\src\test\resources
2026-07-21 01:08:46,788 [Worker-4: ビルド] INFO  o.a.m.s.f.DefaultMavenResourcesFiltering - Copying 0 resource from src\main\resources to target\classes
2026-07-21 01:08:46,790 [Worker-4: ビルド] INFO  o.a.m.s.f.DefaultMavenResourcesFiltering - Copying 1 resource from src\main\resources to target\classes
2026-07-21 01:08:46,793 [Worker-4: ビルド] INFO  o.a.m.s.f.DefaultMavenResourcesFiltering - skip non existing resourceDirectory H:\work\SamuraEngineer\Java_workspace\kadai_003\kadai_003\samuraitravel\src\test\resources
2026-07-21 01:08:54,235 [Worker-17: ビルド] INFO  o.a.m.s.f.DefaultMavenResourcesFiltering - Copying 0 resource from src\main\resources to target\classes
2026-07-21 01:08:54,239 [Worker-17: ビルド] INFO  o.a.m.s.f.DefaultMavenResourcesFiltering - Copying 1 resource from src\main\resources to target\classes
2026-07-21 01:08:54,242 [Worker-17: ビルド] INFO  o.a.m.s.f.DefaultMavenResourcesFiltering - skip non existing resourceDirectory H:\work\SamuraEngineer\Java_workspace\kadai_003\kadai_003\samuraitravel\src\test\resources
2026-07-21 01:09:00,105 [Worker-15: ビルド] INFO  o.a.m.s.f.DefaultMavenResourcesFiltering - Copying 0 resource from src\main\resources to target\classes
2026-07-21 01:09:00,106 [Worker-15: ビルド] INFO  o.a.m.s.f.DefaultMavenResourcesFiltering - Copying 1 resource from src\main\resources to target\classes
2026-07-21 01:09:00,108 [Worker-15: ビルド] INFO  o.a.m.s.f.DefaultMavenResourcesFiltering - skip non existing resourceDirectory H:\work\SamuraEngineer\Java_workspace\kadai_003\kadai_003\samuraitravel\src\test\resources
2026-07-21 01:09:06,323 [Worker-16: ビルド] INFO  o.a.m.s.f.DefaultMavenResourcesFiltering - Copying 0 resource from src\main\resources to target\classes
2026-07-21 01:09:06,324 [Worker-16: ビルド] INFO  o.a.m.s.f.DefaultMavenResourcesFiltering - Copying 1 resource from src\main\resources to target\classes
2026-07-21 01:09:06,326 [Worker-16: ビルド] INFO  o.a.m.s.f.DefaultMavenResourcesFiltering - skip non existing resourceDirectory H:\work\SamuraEngineer\Java_workspace\kadai_003\kadai_003\samuraitravel\src\test\resources
2026-07-21 01:09:17,561 [Worker-0: ビルド] INFO  o.a.m.s.f.DefaultMavenResourcesFiltering - Copying 0 resource from src\main\resources to target\classes
2026-07-21 01:09:17,563 [Worker-0: ビルド] INFO  o.a.m.s.f.DefaultMavenResourcesFiltering - Copying 1 resource from src\main\resources to target\classes
2026-07-21 01:09:17,565 [Worker-0: ビルド] INFO  o.a.m.s.f.DefaultMavenResourcesFiltering - skip non existing resourceDirectory H:\work\SamuraEngineer\Java_workspace\kadai_003\kadai_003\samuraitravel\src\test\resources
2026-07-21 01:09:46,688 [Worker-4: ビルド] INFO  o.a.m.s.f.DefaultMavenResourcesFiltering - Copying 0 resource from src\main\resources to target\classes
2026-07-21 01:09:46,690 [Worker-4: ビルド] INFO  o.a.m.s.f.DefaultMavenResourcesFiltering - Copying 1 resource from src\main\resources to target\classes
2026-07-21 01:09:46,692 [Worker-4: ビルド] INFO  o.a.m.s.f.DefaultMavenResourcesFiltering - skip non existing resourceDirectory H:\work\SamuraEngineer\Java_workspace\kadai_003\kadai_003\samuraitravel\src\test\resources
2026-07-21 01:09:54,772 [Worker-16: ビルド] INFO  o.a.m.s.f.DefaultMavenResourcesFiltering - Copying 0 resource from src\main\resources to target\classes
2026-07-21 01:09:54,775 [Worker-16: ビルド] INFO  o.a.m.s.f.DefaultMavenResourcesFiltering - Copying 1 resource from src\main\resources to target\classes
2026-07-21 01:09:54,778 [Worker-16: ビルド] INFO  o.a.m.s.f.DefaultMavenResourcesFiltering - skip non existing resourceDirectory H:\work\SamuraEngineer\Java_workspace\kadai_003\kadai_003\samuraitravel\src\test\resources
2026-07-21 01:10:14,423 [Worker-4: ビルド] INFO  o.a.m.s.f.DefaultMavenResourcesFiltering - Copying 0 resource from src\main\resources to target\classes
2026-07-21 01:10:14,425 [Worker-4: ビルド] INFO  o.a.m.s.f.DefaultMavenResourcesFiltering - Copying 1 resource from src\main\resources to target\classes
2026-07-21 01:10:14,427 [Worker-4: ビルド] INFO  o.a.m.s.f.DefaultMavenResourcesFiltering - skip non existing resourceDirectory H:\work\SamuraEngineer\Java_workspace\kadai_003\kadai_003\samuraitravel\src\test\resources
2026-07-21 01:10:44,656 [Worker-17: ビルド] INFO  o.a.m.s.f.DefaultMavenResourcesFiltering - Copying 0 resource from src\main\resources to target\classes
2026-07-21 01:10:44,659 [Worker-17: ビルド] INFO  o.a.m.s.f.DefaultMavenResourcesFiltering - Copying 1 resource from src\main\resources to target\classes
2026-07-21 01:10:44,663 [Worker-17: ビルド] INFO  o.a.m.s.f.DefaultMavenResourcesFiltering - skip non existing resourceDirectory H:\work\SamuraEngineer\Java_workspace\kadai_003\kadai_003\samuraitravel\src\test\resources
2026-07-21 01:10:55,341 [Worker-16: ビルド] INFO  o.a.m.s.f.DefaultMavenResourcesFiltering - Copying 0 resource from src\main\resources to target\classes
2026-07-21 01:10:55,343 [Worker-16: ビルド] INFO  o.a.m.s.f.DefaultMavenResourcesFiltering - Copying 1 resource from src\main\resources to target\classes
2026-07-21 01:10:55,345 [Worker-16: ビルド] INFO  o.a.m.s.f.DefaultMavenResourcesFiltering - skip non existing resourceDirectory H:\work\SamuraEngineer\Java_workspace\kadai_003\kadai_003\samuraitravel\src\test\resources
2026-07-21 01:11:03,387 [Worker-0: ビルド] INFO  o.a.m.s.f.DefaultMavenResourcesFiltering - Copying 0 resource from src\main\resources to target\classes
2026-07-21 01:11:03,389 [Worker-0: ビルド] INFO  o.a.m.s.f.DefaultMavenResourcesFiltering - Copying 1 resource from src\main\resources to target\classes
2026-07-21 01:11:03,391 [Worker-0: ビルド] INFO  o.a.m.s.f.DefaultMavenResourcesFiltering - skip non existing resourceDirectory H:\work\SamuraEngineer\Java_workspace\kadai_003\kadai_003\samuraitravel\src\test\resources
2026-07-21 01:11:45,962 [Worker-16: ビルド] INFO  o.a.m.s.f.DefaultMavenResourcesFiltering - Copying 0 resource from src\main\resources to target\classes
2026-07-21 01:11:45,963 [Worker-16: ビルド] INFO  o.a.m.s.f.DefaultMavenResourcesFiltering - Copying 1 resource from src\main\resources to target\classes
2026-07-21 01:11:45,965 [Worker-16: ビルド] INFO  o.a.m.s.f.DefaultMavenResourcesFiltering - skip non existing resourceDirectory H:\work\SamuraEngineer\Java_workspace\kadai_003\kadai_003\samuraitravel\src\test\resources
2026-07-21 01:16:30,351 [Worker-0: ビルド] INFO  o.a.m.s.f.DefaultMavenResourcesFiltering - Copying 0 resource from src\main\resources to target\classes
2026-07-21 01:16:30,353 [Worker-0: ビルド] INFO  o.a.m.s.f.DefaultMavenResourcesFiltering - Copying 1 resource from src\main\resources to target\classes
2026-07-21 01:16:30,355 [Worker-0: ビルド] INFO  o.a.m.s.f.DefaultMavenResourcesFiltering - skip non existing resourceDirectory H:\work\SamuraEngineer\Java_workspace\kadai_003\kadai_003\samuraitravel\src\test\resources
2026-07-21 01:17:15,494 [Worker-4: ビルド] INFO  o.a.m.s.f.DefaultMavenResourcesFiltering - Copying 0 resource from src\main\resources to target\classes
2026-07-21 01:17:15,495 [Worker-4: ビルド] INFO  o.a.m.s.f.DefaultMavenResourcesFiltering - Copying 1 resource from src\main\resources to target\classes
2026-07-21 01:17:15,497 [Worker-4: ビルド] INFO  o.a.m.s.f.DefaultMavenResourcesFiltering - skip non existing resourceDirectory H:\work\SamuraEngineer\Java_workspace\kadai_003\kadai_003\samuraitravel\src\test\resources
2026-07-21 01:19:31,612 [Worker-0: ビルド] INFO  o.a.m.s.f.DefaultMavenResourcesFiltering - Copying 0 resource from src\main\resources to target\classes
2026-07-21 01:19:31,616 [Worker-0: ビルド] INFO  o.a.m.s.f.DefaultMavenResourcesFiltering - Copying 1 resource from src\main\resources to target\classes
2026-07-21 01:19:31,619 [Worker-0: ビルド] INFO  o.a.m.s.f.DefaultMavenResourcesFiltering - skip non existing resourceDirectory H:\work\SamuraEngineer\Java_workspace\kadai_003\kadai_003\samuraitravel\src\test\resources
2026-07-21 01:21:50,234 [Worker-0: ビルド] INFO  o.a.m.s.f.DefaultMavenResourcesFiltering - Copying 0 resource from src\main\resources to target\classes
2026-07-21 01:21:50,236 [Worker-0: ビルド] INFO  o.a.m.s.f.DefaultMavenResourcesFiltering - Copying 1 resource from src\main\resources to target\classes
2026-07-21 01:21:50,238 [Worker-0: ビルド] INFO  o.a.m.s.f.DefaultMavenResourcesFiltering - skip non existing resourceDirectory H:\work\SamuraEngineer\Java_workspace\kadai_003\kadai_003\samuraitravel\src\test\resources
2026-07-21 01:24:35,245 [Worker-0: ビルド] INFO  o.a.m.s.f.DefaultMavenResourcesFiltering - Copying 0 resource from src\main\resources to target\classes
2026-07-21 01:24:35,249 [Worker-0: ビルド] INFO  o.a.m.s.f.DefaultMavenResourcesFiltering - Copying 1 resource from src\main\resources to target\classes
2026-07-21 01:24:35,252 [Worker-0: ビルド] INFO  o.a.m.s.f.DefaultMavenResourcesFiltering - skip non existing resourceDirectory H:\work\SamuraEngineer\Java_workspace\kadai_003\kadai_003\samuraitravel\src\test\resources
2026-07-21 01:28:47,564 [Worker-4: ビルド] INFO  o.a.m.s.f.DefaultMavenResourcesFiltering - Copying 0 resource from src\main\resources to target\classes
2026-07-21 01:28:47,567 [Worker-4: ビルド] INFO  o.a.m.s.f.DefaultMavenResourcesFiltering - Copying 1 resource from src\main\resources to target\classes
2026-07-21 01:28:47,571 [Worker-4: ビルド] INFO  o.a.m.s.f.DefaultMavenResourcesFiltering - skip non existing resourceDirectory H:\work\SamuraEngineer\Java_workspace\kadai_003\kadai_003\samuraitravel\src\test\resources
2026-07-21 01:50:53,888 [Worker-0: ビルド] INFO  o.a.m.s.f.DefaultMavenResourcesFiltering - Copying 2 resources from src\main\resources to target\classes
2026-07-21 01:50:53,899 [Worker-0: ビルド] INFO  o.a.m.s.f.DefaultMavenResourcesFiltering - Copying 43 resources from src\main\resources to target\classes
2026-07-21 01:50:53,905 [Worker-0: ビルド] INFO  o.a.m.s.f.DefaultMavenResourcesFiltering - skip non existing resourceDirectory H:\work\SamuraEngineer\Java_workspace\kadai_003\kadai_003\samuraitravel\src\test\resources
2026-07-21 01:52:03,944 [Worker-0: ビルド] INFO  o.a.m.s.f.DefaultMavenResourcesFiltering - Copying 2 resources from src\main\resources to target\classes
2026-07-21 01:52:03,954 [Worker-0: ビルド] INFO  o.a.m.s.f.DefaultMavenResourcesFiltering - Copying 43 resources from src\main\resources to target\classes
2026-07-21 01:52:03,960 [Worker-0: ビルド] INFO  o.a.m.s.f.DefaultMavenResourcesFiltering - skip non existing resourceDirectory H:\work\SamuraEngineer\Java_workspace\kadai_003\kadai_003\samuraitravel\src\test\resources
2026-07-21 01:52:16,614 [Worker-23: ビルド] INFO  o.a.m.s.f.DefaultMavenResourcesFiltering - Copying 2 resources from src\main\resources to target\classes
2026-07-21 01:52:16,624 [Worker-23: ビルド] INFO  o.a.m.s.f.DefaultMavenResourcesFiltering - Copying 43 resources from src\main\resources to target\classes
2026-07-21 01:52:16,632 [Worker-23: ビルド] INFO  o.a.m.s.f.DefaultMavenResourcesFiltering - skip non existing resourceDirectory H:\work\SamuraEngineer\Java_workspace\kadai_003\kadai_003\samuraitravel\src\test\resources
2026-07-21 01:52:48,989 [Worker-25: ビルド] INFO  o.a.m.s.f.DefaultMavenResourcesFiltering - Copying 2 resources from src\main\resources to target\classes
2026-07-21 01:52:48,999 [Worker-25: ビルド] INFO  o.a.m.s.f.DefaultMavenResourcesFiltering - Copying 43 resources from src\main\resources to target\classes
2026-07-21 01:52:49,005 [Worker-25: ビルド] INFO  o.a.m.s.f.DefaultMavenResourcesFiltering - skip non existing resourceDirectory H:\work\SamuraEngineer\Java_workspace\kadai_003\kadai_003\samuraitravel\src\test\resources
2026-07-21 01:53:11,135 [Worker-24: ビルド] INFO  o.a.m.s.f.DefaultMavenResourcesFiltering - Copying 2 resources from src\main\resources to target\classes
2026-07-21 01:53:11,160 [Worker-24: ビルド] INFO  o.a.m.s.f.DefaultMavenResourcesFiltering - Copying 43 resources from src\main\resources to target\classes
2026-07-21 01:53:11,166 [Worker-24: ビルド] INFO  o.a.m.s.f.DefaultMavenResourcesFiltering - skip non existing resourceDirectory H:\work\SamuraEngineer\Java_workspace\kadai_003\kadai_003\samuraitravel\src\test\resources
2026-07-21 01:54:30,733 [Worker-25: ビルド] INFO  o.a.m.s.f.DefaultMavenResourcesFiltering - Copying 2 resources from src\main\resources to target\classes
2026-07-21 01:54:30,742 [Worker-25: ビルド] INFO  o.a.m.s.f.DefaultMavenResourcesFiltering - Copying 43 resources from src\main\resources to target\classes
2026-07-21 01:54:30,746 [Worker-25: ビルド] INFO  o.a.m.s.f.DefaultMavenResourcesFiltering - skip non existing resourceDirectory H:\work\SamuraEngineer\Java_workspace\kadai_003\kadai_003\samuraitravel\src\test\resources
2026-07-21 01:55:10,487 [Worker-18: ビルド] INFO  o.a.m.s.f.DefaultMavenResourcesFiltering - Copying 2 resources from src\main\resources to target\classes
2026-07-21 01:55:10,497 [Worker-18: ビルド] INFO  o.a.m.s.f.DefaultMavenResourcesFiltering - Copying 43 resources from src\main\resources to target\classes
2026-07-21 01:55:10,502 [Worker-18: ビルド] INFO  o.a.m.s.f.DefaultMavenResourcesFiltering - skip non existing resourceDirectory H:\work\SamuraEngineer\Java_workspace\kadai_003\kadai_003\samuraitravel\src\test\resources
2026-07-21 01:57:58,333 [Worker-18: ビルド] INFO  o.a.m.s.f.DefaultMavenResourcesFiltering - Copying 2 resources from src\main\resources to target\classes
2026-07-21 01:57:58,342 [Worker-18: ビルド] INFO  o.a.m.s.f.DefaultMavenResourcesFiltering - Copying 43 resources from src\main\resources to target\classes
2026-07-21 01:57:58,347 [Worker-18: ビルド] INFO  o.a.m.s.f.DefaultMavenResourcesFiltering - skip non existing resourceDirectory H:\work\SamuraEngineer\Java_workspace\kadai_003\kadai_003\samuraitravel\src\test\resources
2026-07-21 01:58:26,593 [Worker-26: ビルド] INFO  o.a.m.s.f.DefaultMavenResourcesFiltering - Copying 2 resources from src\main\resources to target\classes
2026-07-21 01:58:26,603 [Worker-26: ビルド] INFO  o.a.m.s.f.DefaultMavenResourcesFiltering - Copying 43 resources from src\main\resources to target\classes
2026-07-21 01:58:26,608 [Worker-26: ビルド] INFO  o.a.m.s.f.DefaultMavenResourcesFiltering - skip non existing resourceDirectory H:\work\SamuraEngineer\Java_workspace\kadai_003\kadai_003\samuraitravel\src\test\resources
2026-07-21 02:03:31,327 [Worker-23: ビルド] INFO  o.a.m.s.f.DefaultMavenResourcesFiltering - Copying 0 resource from src\main\resources to target\classes
2026-07-21 02:03:31,328 [Worker-23: ビルド] INFO  o.a.m.s.f.DefaultMavenResourcesFiltering - Copying 1 resource from src\main\resources to target\classes
2026-07-21 02:03:31,331 [Worker-23: ビルド] INFO  o.a.m.s.f.DefaultMavenResourcesFiltering - skip non existing resourceDirectory H:\work\SamuraEngineer\Java_workspace\kadai_003\kadai_003\samuraitravel\src\test\resources
2026-07-21 02:07:58,563 [Worker-23: ビルド] INFO  o.a.m.s.f.DefaultMavenResourcesFiltering - Copying 0 resource from src\main\resources to target\classes
2026-07-21 02:07:58,567 [Worker-23: ビルド] INFO  o.a.m.s.f.DefaultMavenResourcesFiltering - Copying 1 resource from src\main\resources to target\classes
2026-07-21 02:07:58,573 [Worker-23: ビルド] INFO  o.a.m.s.f.DefaultMavenResourcesFiltering - skip non existing resourceDirectory H:\work\SamuraEngineer\Java_workspace\kadai_003\kadai_003\samuraitravel\src\test\resources
2026-07-21 02:09:33,736 [Worker-18: ビルド] INFO  o.a.m.s.f.DefaultMavenResourcesFiltering - Copying 0 resource from src\main\resources to target\classes
2026-07-21 02:09:33,738 [Worker-18: ビルド] INFO  o.a.m.s.f.DefaultMavenResourcesFiltering - Copying 1 resource from src\main\resources to target\classes
2026-07-21 02:09:33,740 [Worker-18: ビルド] INFO  o.a.m.s.f.DefaultMavenResourcesFiltering - skip non existing resourceDirectory H:\work\SamuraEngineer\Java_workspace\kadai_003\kadai_003\samuraitravel\src\test\resources
2026-07-21 02:12:58,185 [Worker-27: ビルド] INFO  o.a.m.s.f.DefaultMavenResourcesFiltering - Copying 0 resource from src\main\resources to target\classes
2026-07-21 02:12:58,186 [Worker-27: ビルド] INFO  o.a.m.s.f.DefaultMavenResourcesFiltering - Copying 1 resource from src\main\resources to target\classes
2026-07-21 02:12:58,189 [Worker-27: ビルド] INFO  o.a.m.s.f.DefaultMavenResourcesFiltering - skip non existing resourceDirectory H:\work\SamuraEngineer\Java_workspace\kadai_003\kadai_003\samuraitravel\src\test\resources
2026-07-21 02:13:48,333 [Worker-18: ビルド] INFO  o.a.m.s.f.DefaultMavenResourcesFiltering - Copying 2 resources from src\main\resources to target\classes
2026-07-21 02:13:48,342 [Worker-18: ビルド] INFO  o.a.m.s.f.DefaultMavenResourcesFiltering - Copying 44 resources from src\main\resources to target\classes
2026-07-21 02:13:48,346 [Worker-18: ビルド] INFO  o.a.m.s.f.DefaultMavenResourcesFiltering - skip non existing resourceDirectory H:\work\SamuraEngineer\Java_workspace\kadai_003\kadai_003\samuraitravel\src\test\resources
2026-07-21 02:15:22,179 [Worker-23: ビルド] INFO  o.a.m.s.f.DefaultMavenResourcesFiltering - Copying 2 resources from src\main\resources to target\classes
2026-07-21 02:15:22,189 [Worker-23: ビルド] INFO  o.a.m.s.f.DefaultMavenResourcesFiltering - Copying 44 resources from src\main\resources to target\classes
2026-07-21 02:15:22,194 [Worker-23: ビルド] INFO  o.a.m.s.f.DefaultMavenResourcesFiltering - skip non existing resourceDirectory H:\work\SamuraEngineer\Java_workspace\kadai_003\kadai_003\samuraitravel\src\test\resources
2026-07-21 02:21:31,389 [Worker-25: ビルド] INFO  o.a.m.s.f.DefaultMavenResourcesFiltering - Copying 2 resources from src\main\resources to target\classes
2026-07-21 02:21:31,395 [Worker-25: ビルド] INFO  o.a.m.s.f.DefaultMavenResourcesFiltering - Copying 44 resources from src\main\resources to target\classes
2026-07-21 02:21:31,401 [Worker-25: ビルド] INFO  o.a.m.s.f.DefaultMavenResourcesFiltering - skip non existing resourceDirectory H:\work\SamuraEngineer\Java_workspace\kadai_003\kadai_003\samuraitravel\src\test\resources
2026-07-21 02:22:58,043 [Worker-29: ビルド] INFO  o.a.m.s.f.DefaultMavenResourcesFiltering - Copying 2 resources from src\main\resources to target\classes
2026-07-21 02:22:58,052 [Worker-29: ビルド] INFO  o.a.m.s.f.DefaultMavenResourcesFiltering - Copying 44 resources from src\main\resources to target\classes
2026-07-21 02:22:58,056 [Worker-29: ビルド] INFO  o.a.m.s.f.DefaultMavenResourcesFiltering - skip non existing resourceDirectory H:\work\SamuraEngineer\Java_workspace\kadai_003\kadai_003\samuraitravel\src\test\resources
2026-07-21 02:27:06,815 [Worker-27: ビルド] INFO  o.a.m.s.f.DefaultMavenResourcesFiltering - Copying 2 resources from src\main\resources to target\classes
2026-07-21 02:27:06,821 [Worker-27: ビルド] INFO  o.a.m.s.f.DefaultMavenResourcesFiltering - Copying 44 resources from src\main\resources to target\classes
2026-07-21 02:27:06,825 [Worker-27: ビルド] INFO  o.a.m.s.f.DefaultMavenResourcesFiltering - skip non existing resourceDirectory H:\work\SamuraEngineer\Java_workspace\kadai_003\kadai_003\samuraitravel\src\test\resources
2026-07-21 02:31:09,621 [Worker-29: ビルド] INFO  o.a.m.s.f.DefaultMavenResourcesFiltering - Copying 0 resource from src\main\resources to target\classes
2026-07-21 02:31:09,623 [Worker-29: ビルド] INFO  o.a.m.s.f.DefaultMavenResourcesFiltering - Copying 1 resource from src\main\resources to target\classes
2026-07-21 02:31:09,625 [Worker-29: ビルド] INFO  o.a.m.s.f.DefaultMavenResourcesFiltering - skip non existing resourceDirectory H:\work\SamuraEngineer\Java_workspace\kadai_003\kadai_003\samuraitravel\src\test\resources
2026-07-21 02:31:29,152 [Worker-30: ビルド] INFO  o.a.m.s.f.DefaultMavenResourcesFiltering - Copying 2 resources from src\main\resources to target\classes
2026-07-21 02:31:29,161 [Worker-30: ビルド] INFO  o.a.m.s.f.DefaultMavenResourcesFiltering - Copying 44 resources from src\main\resources to target\classes
2026-07-21 02:31:29,169 [Worker-30: ビルド] INFO  o.a.m.s.f.DefaultMavenResourcesFiltering - skip non existing resourceDirectory H:\work\SamuraEngineer\Java_workspace\kadai_003\kadai_003\samuraitravel\src\test\resources
2026-07-21 02:32:14,093 [Worker-30: ビルド] INFO  o.a.m.s.f.DefaultMavenResourcesFiltering - Copying 0 resource from src\main\resources to target\classes
2026-07-21 02:32:14,096 [Worker-30: ビルド] INFO  o.a.m.s.f.DefaultMavenResourcesFiltering - Copying 1 resource from src\main\resources to target\classes
2026-07-21 02:32:14,100 [Worker-30: ビルド] INFO  o.a.m.s.f.DefaultMavenResourcesFiltering - skip non existing resourceDirectory H:\work\SamuraEngineer\Java_workspace\kadai_003\kadai_003\samuraitravel\src\test\resources
2026-07-21 02:34:41,731 [Worker-27: ビルド] INFO  o.a.m.s.f.DefaultMavenResourcesFiltering - Copying 0 resource from src\main\resources to target\classes
2026-07-21 02:34:41,735 [Worker-27: ビルド] INFO  o.a.m.s.f.DefaultMavenResourcesFiltering - Copying 1 resource from src\main\resources to target\classes
2026-07-21 02:34:41,738 [Worker-27: ビルド] INFO  o.a.m.s.f.DefaultMavenResourcesFiltering - skip non existing resourceDirectory H:\work\SamuraEngineer\Java_workspace\kadai_003\kadai_003\samuraitravel\src\test\resources
2026-07-21 02:40:11,285 [Worker-23: ビルド] INFO  o.a.m.s.f.DefaultMavenResourcesFiltering - Copying 0 resource from src\main\resources to target\classes
2026-07-21 02:40:11,288 [Worker-23: ビルド] INFO  o.a.m.s.f.DefaultMavenResourcesFiltering - Copying 1 resource from src\main\resources to target\classes
2026-07-21 02:40:11,292 [Worker-23: ビルド] INFO  o.a.m.s.f.DefaultMavenResourcesFiltering - skip non existing resourceDirectory H:\work\SamuraEngineer\Java_workspace\kadai_003\kadai_003\samuraitravel\src\test\resources
2026-07-21 02:56:31,277 [Worker-30: ビルド] INFO  o.a.m.s.f.DefaultMavenResourcesFiltering - Copying 2 resources from src\main\resources to target\classes
2026-07-21 02:56:31,283 [Worker-30: ビルド] INFO  o.a.m.s.f.DefaultMavenResourcesFiltering - Copying 44 resources from src\main\resources to target\classes
2026-07-21 02:56:31,287 [Worker-30: ビルド] INFO  o.a.m.s.f.DefaultMavenResourcesFiltering - skip non existing resourceDirectory H:\work\SamuraEngineer\Java_workspace\kadai_003\kadai_003\samuraitravel\src\test\resources
2026-07-21 03:16:37,265 [Worker-35: ビルド] INFO  o.a.m.s.f.DefaultMavenResourcesFiltering - Copying 2 resources from src\main\resources to target\classes
2026-07-21 03:16:37,275 [Worker-35: ビルド] INFO  o.a.m.s.f.DefaultMavenResourcesFiltering - Copying 44 resources from src\main\resources to target\classes
2026-07-21 03:16:37,281 [Worker-35: ビルド] INFO  o.a.m.s.f.DefaultMavenResourcesFiltering - skip non existing resourceDirectory H:\work\SamuraEngineer\Java_workspace\kadai_003\kadai_003\samuraitravel\src\test\resources
2026-07-21 03:26:46,804 [Worker-40: ビルド] INFO  o.a.m.s.f.DefaultMavenResourcesFiltering - Copying 2 resources from src\main\resources to target\classes
2026-07-21 03:26:46,815 [Worker-40: ビルド] INFO  o.a.m.s.f.DefaultMavenResourcesFiltering - Copying 44 resources from src\main\resources to target\classes
2026-07-21 03:26:46,823 [Worker-40: ビルド] INFO  o.a.m.s.f.DefaultMavenResourcesFiltering - skip non existing resourceDirectory H:\work\SamuraEngineer\Java_workspace\kadai_003\kadai_003\samuraitravel\src\test\resources
2026-07-21 03:28:00,541 [Worker-41: ビルド] INFO  o.a.m.s.f.DefaultMavenResourcesFiltering - Copying 2 resources from src\main\resources to target\classes
2026-07-21 03:28:00,551 [Worker-41: ビルド] INFO  o.a.m.s.f.DefaultMavenResourcesFiltering - Copying 44 resources from src\main\resources to target\classes
2026-07-21 03:28:00,557 [Worker-41: ビルド] INFO  o.a.m.s.f.DefaultMavenResourcesFiltering - skip non existing resourceDirectory H:\work\SamuraEngineer\Java_workspace\kadai_003\kadai_003\samuraitravel\src\test\resources
2026-07-21 03:28:08,391 [Worker-42: ビルド] INFO  o.a.m.s.f.DefaultMavenResourcesFiltering - Copying 2 resources from src\main\resources to target\classes
2026-07-21 03:28:08,397 [Worker-42: ビルド] INFO  o.a.m.s.f.DefaultMavenResourcesFiltering - Copying 44 resources from src\main\resources to target\classes
2026-07-21 03:28:08,402 [Worker-42: ビルド] INFO  o.a.m.s.f.DefaultMavenResourcesFiltering - skip non existing resourceDirectory H:\work\SamuraEngineer\Java_workspace\kadai_003\kadai_003\samuraitravel\src\test\resources
2026-07-21 03:28:44,893 [Worker-35: ビルド] INFO  o.a.m.s.f.DefaultMavenResourcesFiltering - Copying 2 resources from src\main\resources to target\classes
2026-07-21 03:28:44,898 [Worker-35: ビルド] INFO  o.a.m.s.f.DefaultMavenResourcesFiltering - Copying 44 resources from src\main\resources to target\classes
2026-07-21 03:28:44,903 [Worker-35: ビルド] INFO  o.a.m.s.f.DefaultMavenResourcesFiltering - skip non existing resourceDirectory H:\work\SamuraEngineer\Java_workspace\kadai_003\kadai_003\samuraitravel\src\test\resources
2026-07-21 03:29:05,197 [Worker-36: ビルド] INFO  o.a.m.s.f.DefaultMavenResourcesFiltering - Copying 2 resources from src\main\resources to target\classes
2026-07-21 03:29:05,203 [Worker-36: ビルド] INFO  o.a.m.s.f.DefaultMavenResourcesFiltering - Copying 44 resources from src\main\resources to target\classes
2026-07-21 03:29:05,206 [Worker-36: ビルド] INFO  o.a.m.s.f.DefaultMavenResourcesFiltering - skip non existing resourceDirectory H:\work\SamuraEngineer\Java_workspace\kadai_003\kadai_003\samuraitravel\src\test\resources
2026-07-21 03:30:38,852 [Worker-35: ビルド] INFO  o.a.m.s.f.DefaultMavenResourcesFiltering - Copying 0 resource from src\main\resources to target\classes
2026-07-21 03:30:38,853 [Worker-35: ビルド] INFO  o.a.m.s.f.DefaultMavenResourcesFiltering - Copying 1 resource from src\main\resources to target\classes
2026-07-21 03:30:38,856 [Worker-35: ビルド] INFO  o.a.m.s.f.DefaultMavenResourcesFiltering - skip non existing resourceDirectory H:\work\SamuraEngineer\Java_workspace\kadai_003\kadai_003\samuraitravel\src\test\resources
2026-07-21 03:31:34,114 [Worker-35: ビルド] INFO  o.a.m.s.f.DefaultMavenResourcesFiltering - Copying 0 resource from src\main\resources to target\classes
2026-07-21 03:31:34,116 [Worker-35: ビルド] INFO  o.a.m.s.f.DefaultMavenResourcesFiltering - Copying 1 resource from src\main\resources to target\classes
2026-07-21 03:31:34,119 [Worker-35: ビルド] INFO  o.a.m.s.f.DefaultMavenResourcesFiltering - skip non existing resourceDirectory H:\work\SamuraEngineer\Java_workspace\kadai_003\kadai_003\samuraitravel\src\test\resources
2026-07-21 03:31:42,694 [Worker-41: ビルド] INFO  o.a.m.s.f.DefaultMavenResourcesFiltering - Copying 0 resource from src\main\resources to target\classes
2026-07-21 03:31:42,697 [Worker-41: ビルド] INFO  o.a.m.s.f.DefaultMavenResourcesFiltering - Copying 1 resource from src\main\resources to target\classes
2026-07-21 03:31:42,702 [Worker-41: ビルド] INFO  o.a.m.s.f.DefaultMavenResourcesFiltering - skip non existing resourceDirectory H:\work\SamuraEngineer\Java_workspace\kadai_003\kadai_003\samuraitravel\src\test\resources
2026-07-21 03:33:35,192 [Worker-40: ビルド] INFO  o.a.m.s.f.DefaultMavenResourcesFiltering - Copying 0 resource from src\main\resources to target\classes
2026-07-21 03:33:35,193 [Worker-40: ビルド] INFO  o.a.m.s.f.DefaultMavenResourcesFiltering - Copying 1 resource from src\main\resources to target\classes
2026-07-21 03:33:35,197 [Worker-40: ビルド] INFO  o.a.m.s.f.DefaultMavenResourcesFiltering - skip non existing resourceDirectory H:\work\SamuraEngineer\Java_workspace\kadai_003\kadai_003\samuraitravel\src\test\resources
2026-07-21 03:51:01,301 [Worker-42: ビルド] INFO  o.a.m.s.f.DefaultMavenResourcesFiltering - Copying 0 resource from src\main\resources to target\classes
2026-07-21 03:51:01,303 [Worker-42: ビルド] INFO  o.a.m.s.f.DefaultMavenResourcesFiltering - Copying 1 resource from src\main\resources to target\classes
2026-07-21 03:51:01,306 [Worker-42: ビルド] INFO  o.a.m.s.f.DefaultMavenResourcesFiltering - skip non existing resourceDirectory H:\work\SamuraEngineer\Java_workspace\kadai_003\kadai_003\samuraitravel\src\test\resources
2026-07-21 03:52:52,320 [Worker-42: ビルド] INFO  o.a.m.s.f.DefaultMavenResourcesFiltering - Copying 0 resource from src\main\resources to target\classes
2026-07-21 03:52:52,322 [Worker-42: ビルド] INFO  o.a.m.s.f.DefaultMavenResourcesFiltering - Copying 1 resource from src\main\resources to target\classes
2026-07-21 03:52:52,326 [Worker-42: ビルド] INFO  o.a.m.s.f.DefaultMavenResourcesFiltering - skip non existing resourceDirectory H:\work\SamuraEngineer\Java_workspace\kadai_003\kadai_003\samuraitravel\src\test\resources
2026-07-21 03:54:18,811 [Worker-44: ビルド] INFO  o.a.m.s.f.DefaultMavenResourcesFiltering - Copying 2 resources from src\main\resources to target\classes
2026-07-21 03:54:18,818 [Worker-44: ビルド] INFO  o.a.m.s.f.DefaultMavenResourcesFiltering - Copying 44 resources from src\main\resources to target\classes
2026-07-21 03:54:18,822 [Worker-44: ビルド] INFO  o.a.m.s.f.DefaultMavenResourcesFiltering - skip non existing resourceDirectory H:\work\SamuraEngineer\Java_workspace\kadai_003\kadai_003\samuraitravel\src\test\resources
2026-07-21 03:54:41,853 [Worker-35: ビルド] INFO  o.a.m.s.f.DefaultMavenResourcesFiltering - Copying 2 resources from src\main\resources to target\classes
2026-07-21 03:54:41,859 [Worker-35: ビルド] INFO  o.a.m.s.f.DefaultMavenResourcesFiltering - Copying 44 resources from src\main\resources to target\classes
2026-07-21 03:54:41,863 [Worker-35: ビルド] INFO  o.a.m.s.f.DefaultMavenResourcesFiltering - skip non existing resourceDirectory H:\work\SamuraEngineer\Java_workspace\kadai_003\kadai_003\samuraitravel\src\test\resources
2026-07-21 03:57:58,991 [Worker-46: ビルド] INFO  o.a.m.s.f.DefaultMavenResourcesFiltering - Copying 2 resources from src\main\resources to target\classes
2026-07-21 03:57:58,998 [Worker-46: ビルド] INFO  o.a.m.s.f.DefaultMavenResourcesFiltering - Copying 44 resources from src\main\resources to target\classes
2026-07-21 03:57:59,004 [Worker-46: ビルド] INFO  o.a.m.s.f.DefaultMavenResourcesFiltering - skip non existing resourceDirectory H:\work\SamuraEngineer\Java_workspace\kadai_003\kadai_003\samuraitravel\src\test\resources
